0 info it worked if it ends with ok
1 verbose cli [ '/Users/sararush/.nvm/versions/node/v6.11.4/bin/node',
1 verbose cli   '/Users/sararush/.nvm/versions/node/v6.11.4/bin/npm',
1 verbose cli   'run',
1 verbose cli   'serve' ]
2 info using npm@3.10.10
3 info using node@v6.11.4
4 verbose run-script [ 'preserve', 'serve', 'postserve' ]
5 info lifecycle ddh-homeless-services@1.0.0~preserve: ddh-homeless-services@1.0.0
6 silly lifecycle ddh-homeless-services@1.0.0~preserve: no script for preserve, continuing
7 info lifecycle ddh-homeless-services@1.0.0~serve: ddh-homeless-services@1.0.0
8 verbose lifecycle ddh-homeless-services@1.0.0~serve: unsafe-perm in lifecycle true
9 verbose lifecycle ddh-homeless-services@1.0.0~serve: PATH: /Users/sararush/.nvm/versions/node/v6.11.4/lib/node_modules/npm/bin/node-gyp-bin:/Users/sararush/homelessness-proj/Homelessness-Project/node_modules/.bin:/Users/sararush/.nvm/versions/node/v6.11.4/bin:/Users/sararush/anaconda3/bin:/Library/Frameworks/Python.framework/Versions/3.5/bin:/usr/local/bin:/usr/bin:/bin:/usr/sbin:/sbin:/Library/TeX/texbin
10 verbose lifecycle ddh-homeless-services@1.0.0~serve: CWD: /Users/sararush/homelessness-proj/Homelessness-Project
11 silly lifecycle ddh-homeless-services@1.0.0~serve: Args: [ '-c', 'webpack-dev-server --config webpack.config.js --open' ]
12 silly lifecycle ddh-homeless-services@1.0.0~serve: Returned: code: 1  signal: null
13 info lifecycle ddh-homeless-services@1.0.0~serve: Failed to exec serve script
14 verbose stack Error: ddh-homeless-services@1.0.0 serve: `webpack-dev-server --config webpack.config.js --open`
14 verbose stack Exit status 1
14 verbose stack     at EventEmitter.<anonymous> (/Users/sararush/.nvm/versions/node/v6.11.4/lib/node_modules/npm/lib/utils/lifecycle.js:255:16)
14 verbose stack     at emitTwo (events.js:106:13)
14 verbose stack     at EventEmitter.emit (events.js:191:7)
14 verbose stack     at ChildProcess.<anonymous> (/Users/sararush/.nvm/versions/node/v6.11.4/lib/node_modules/npm/lib/utils/spawn.js:40:14)
14 verbose stack     at emitTwo (events.js:106:13)
14 verbose stack     at ChildProcess.emit (events.js:191:7)
14 verbose stack     at maybeClose (internal/child_process.js:920:16)
14 verbose stack     at Process.ChildProcess._handle.onexit (internal/child_process.js:230:5)
15 verbose pkgid ddh-homeless-services@1.0.0
16 verbose cwd /Users/sararush/homelessness-proj/Homelessness-Project
17 error Darwin 17.5.0
18 error argv "/Users/sararush/.nvm/versions/node/v6.11.4/bin/node" "/Users/sararush/.nvm/versions/node/v6.11.4/bin/npm" "run" "serve"
19 error node v6.11.4
20 error npm  v3.10.10
21 error code ELIFECYCLE
22 error ddh-homeless-services@1.0.0 serve: `webpack-dev-server --config webpack.config.js --open`
22 error Exit status 1
23 error Failed at the ddh-homeless-services@1.0.0 serve script 'webpack-dev-server --config webpack.config.js --open'.
23 error Make sure you have the latest version of node.js and npm installed.
23 error If you do, this is most likely a problem with the ddh-homeless-services package,
23 error not with npm itself.
23 error Tell the author that this fails on your system:
23 error     webpack-dev-server --config webpack.config.js --open
23 error You can get information on how to open an issue for this project with:
23 error     npm bugs ddh-homeless-services
23 error Or if that isn't available, you can get their info via:
23 error     npm owner ls ddh-homeless-services
23 error There is likely additional logging output above.
24 verbose exit [ 1, true ]
